<?xml version="1.0" encoding="UTF-8"?>
<!-- Generated by org.testng.reporters.JUnitReportReporter -->
<testsuite hostname="LAPTOP-2HRCTN2E" failures="0" tests="1" name="main.LoginTest" time="0.000" errors="0" timestamp="17 Oct 2024 09:39:40 GMT" skipped="1">
  <testcase classname="main.LoginTest" name="test" time="0.000">
    <skipped/>
  </testcase> <!-- test -->
</testsuite> <!-- main.LoginTest -->
